Removed Pin From Net: NetName=VDD3V3 Pin=C18-1
Removed Pin From Net: NetName=VDD3V3 Pin=U3-1
Removed Pin From Net: NetName=VDD3V3 Pin=U3-6
Removed Pin From Net: NetName=VDD3V3 Pin=U3-7
Added Component: Designator=C5(0805_C)
Added Component: Designator=FB2(0603_L)
Added Component: Designator=R46(0603_R)
Added Pin To Net: NetName=GND Pin=C5-2
Added Pin To Net: NetName=VDD3V3 Pin=FB2-1
Added Pin To Net: NetName=GND Pin=R46-1
Added Pin To Net: NetName=SD0 Pin=R46-2
Added Pin To Net: NetName=VDD3V3_ADXL Pin=C5-1
Added Pin To Net: NetName=VDD3V3_ADXL Pin=C18-1
Added Pin To Net: NetName=VDD3V3_ADXL Pin=FB2-2
Added Pin To Net: NetName=VDD3V3_ADXL Pin=U3-1
Added Pin To Net: NetName=VDD3V3_ADXL Pin=U3-6
Added Pin To Net: NetName=VDD3V3_ADXL Pin=U3-7
Added Net: Name=VDD3V3_ADXL
Added Member To Class: ClassName=Sensor Member=Component C5 10uF/35V
Added Member To Class: ClassName=Sensor Member=Component FB2 30R/2.0A/0.05DCR
Added Member To Class: ClassName=Sensor Member=Component R46 10K/5%
