Added Component: Designator=C1(0603_C)
Added Component: Designator=C2(0603_C)
Added Component: Designator=C3(0603_C)
Added Component: Designator=C4(0603_C)
Added Component: Designator=C5(0603_C)
Added Component: Designator=C6(0603_C)
Added Component: Designator=C7(0603_C)
Added Component: Designator=C8(0603_C)
Added Component: Designator=C9(0603_C)
Added Component: Designator=C10(0603_C)
Added Component: Designator=C11(0603_C)
Added Component: Designator=C12(0805_C)
Added Component: Designator=C13(0805_C)
Added Component: Designator=C14(0603_C)
Added Component: Designator=C15(0805_C)
Added Component: Designator=C16(0805_C)
Added Component: Designator=C17(0603_C)
Added Component: Designator=C18(0603_C)
Added Component: Designator=C19(0603_C)
Added Component: Designator=C20(0603_C)
Added Component: Designator=C21(0603_C)
Added Component: Designator=C22(0603_C)
Added Component: Designator=D1(0805_LED_S1)
Added Component: Designator=D2(0805_LED_S1)
Added Component: Designator=D3(0805_LED_S1)
Added Component: Designator=D4(0805_LED_S1)
Added Component: Designator=D5(0805_LED_S1)
Added Component: Designator=D6(SOT-23(SOT-23-3))
Added Component: Designator=D7(SOD-123)
Added Component: Designator=D8(SOD-123)
Added Component: Designator=D9(0603_LED_S1)
Added Component: Designator=FB1(0603_L)
Added Component: Designator=L2(0603_L)
Added Component: Designator=P2(HDR1X2)
Added Component: Designator=Q1(SOT-23-3L)
Added Component: Designator=Q2(SOT-23(SOT-23-3))
Added Component: Designator=Q3(SOT-23-3L)
Added Component: Designator=Q4(SOT-23-3L)
Added Component: Designator=R1(0603_R)
Added Component: Designator=R2(0603_R)
Added Component: Designator=R3(0603_R)
Added Component: Designator=R4(0603_R)
Added Component: Designator=R5(0603_R)
Added Component: Designator=R6(0603_R)
Added Component: Designator=R7(0603_R)
Added Component: Designator=R8(0603_R)
Added Component: Designator=R9(0603_R)
Added Component: Designator=R10(0603_R)
Added Component: Designator=R11(0603_R)
Added Component: Designator=R12(0603_R)
Added Component: Designator=R13(0603_R)
Added Component: Designator=R14(0603_R)
Added Component: Designator=R15(0603_R)
Added Component: Designator=R16(0603_R)
Added Component: Designator=R17(0603_R)
Added Component: Designator=R18(0603_R)
Added Component: Designator=R19(0603_R)
Added Component: Designator=R20(0603_R)
Added Component: Designator=R21(0603_R)
Added Component: Designator=R22(0603_R)
Added Component: Designator=R23(0603_R)
Added Component: Designator=R24(0603_R)
Added Component: Designator=R25(0603_R)
Added Component: Designator=R26(0603_R)
Added Component: Designator=R27(0603_R)
Added Component: Designator=R28(0603_R)
Added Component: Designator=R29(0603_R)
Added Component: Designator=R30(0603_R)
Added Component: Designator=R31(0603_R)
Added Component: Designator=R32(0603_R)
Added Component: Designator=R33(0603_R)
Added Component: Designator=R34(0603_R)
Added Component: Designator=R35(0603_R)
Added Component: Designator=R36(0603_R)
Added Component: Designator=R37(0603_R)
Added Component: Designator=R38(0603_R)
Added Component: Designator=R39(0603_R)
Added Component: Designator=R40(0603_R)
Added Component: Designator=R41(0603_R)
Added Component: Designator=R42(0603_R)
Added Component: Designator=R43(0603_R)
Added Component: Designator=R44(0603_R)
Added Component: Designator=R45(0603_R)
Added Component: Designator=TMI3181A(SOT-23-5)
Added Component: Designator=U2(HDR1X4)
Added Pin To Net: NetName=BLE_RX Pin=R37-1
Added Pin To Net: NetName=BLE_RX Pin=U2-2
Added Net: Name=BLE_RX
Added Pin To Net: NetName=BLE_TX Pin=R38-1
Added Pin To Net: NetName=BLE_TX Pin=U2-3
Added Net: Name=BLE_TX
Added Pin To Net: NetName=CTL_BLE Pin=C17-2
Added Pin To Net: NetName=CTL_BLE Pin=Q3-1
Added Pin To Net: NetName=CTL_BLE Pin=R33-1
Added Pin To Net: NetName=CTL_BLE Pin=R34-2
Added Net: Name=CTL_BLE
Added Pin To Net: NetName=CTL_LCD Pin=C1-2
Added Pin To Net: NetName=CTL_LCD Pin=Q1-1
Added Pin To Net: NetName=CTL_LCD Pin=R1-1
Added Pin To Net: NetName=CTL_LCD Pin=R2-2
Added Net: Name=CTL_LCD
Added Pin To Net: NetName=CTL_SD0_P Pin=C22-2
Added Pin To Net: NetName=CTL_SD0_P Pin=Q4-1
Added Pin To Net: NetName=CTL_SD0_P Pin=R44-1
Added Pin To Net: NetName=CTL_SD0_P Pin=R45-2
Added Net: Name=CTL_SD0_P
Added Pin To Net: NetName=GND Pin=C2-1
Added Pin To Net: NetName=GND Pin=C4-2
Added Pin To Net: NetName=GND Pin=C5-2
Added Pin To Net: NetName=GND Pin=C6-1
Added Pin To Net: NetName=GND Pin=C7-2
Added Pin To Net: NetName=GND Pin=C8-2
Added Pin To Net: NetName=GND Pin=C9-2
Added Pin To Net: NetName=GND Pin=C10-2
Added Pin To Net: NetName=GND Pin=C11-1
Added Pin To Net: NetName=GND Pin=C12-2
Added Pin To Net: NetName=GND Pin=C13-2
Added Pin To Net: NetName=GND Pin=C15-2
Added Pin To Net: NetName=GND Pin=C16-2
Added Pin To Net: NetName=GND Pin=C18-2
Added Pin To Net: NetName=GND Pin=C19-1
Added Pin To Net: NetName=GND Pin=C20-2
Added Pin To Net: NetName=GND Pin=C21-2
Added Pin To Net: NetName=GND Pin=L2-2
Added Pin To Net: NetName=GND Pin=P2-2
Added Pin To Net: NetName=GND Pin=R2-1
Added Pin To Net: NetName=GND Pin=R16-2
Added Pin To Net: NetName=GND Pin=R17-2
Added Pin To Net: NetName=GND Pin=R18-2
Added Pin To Net: NetName=GND Pin=R23-2
Added Pin To Net: NetName=GND Pin=R29-2
Added Pin To Net: NetName=GND Pin=R30-1
Added Pin To Net: NetName=GND Pin=R31-1
Added Pin To Net: NetName=GND Pin=R32-2
Added Pin To Net: NetName=GND Pin=R34-1
Added Pin To Net: NetName=GND Pin=R39-1
Added Pin To Net: NetName=GND Pin=R40-1
Added Pin To Net: NetName=GND Pin=R45-1
Added Pin To Net: NetName=GND Pin=TMI3181A-2
Added Pin To Net: NetName=GND Pin=U2-4
Added Net: Name=GND
Added Pin To Net: NetName=INT1 Pin=R26-1
Added Pin To Net: NetName=INT1 Pin=R39-2
Added Net: Name=INT1
Added Pin To Net: NetName=INT2 Pin=R27-1
Added Pin To Net: NetName=INT2 Pin=R40-2
Added Net: Name=INT2
Added Pin To Net: NetName=KEY_DOWN Pin=R11-1
Added Net: Name=KEY_DOWN
Added Pin To Net: NetName=KEY_ENTER Pin=D6-1
Added Pin To Net: NetName=KEY_ENTER Pin=R14-1
Added Net: Name=KEY_ENTER
Added Pin To Net: NetName=KEY_MENU Pin=R10-1
Added Net: Name=KEY_MENU
Added Pin To Net: NetName=KEY_UP Pin=R13-1
Added Net: Name=KEY_UP
Added Pin To Net: NetName=LCD_A0 Pin=R5-1
Added Net: Name=LCD_A0
Added Pin To Net: NetName=LCD_BK Pin=R15-2
Added Net: Name=LCD_BK
Added Pin To Net: NetName=LCD_CS Pin=R3-1
Added Net: Name=LCD_CS
Added Pin To Net: NetName=LCD_LED_K Pin=Q2-3
Added Net: Name=LCD_LED_K
Added Pin To Net: NetName=LCD_RST Pin=R4-1
Added Net: Name=LCD_RST
Added Pin To Net: NetName=LCD_V0 Pin=C3-1
Added Net: Name=LCD_V0
Added Pin To Net: NetName=LCD_VG Pin=C4-1
Added Net: Name=LCD_VG
Added Pin To Net: NetName=LCD_XV0 Pin=C3-2
Added Net: Name=LCD_XV0
Added Pin To Net: NetName=LED1 Pin=R19-1
Added Net: Name=LED1
Added Pin To Net: NetName=LED2 Pin=R21-1
Added Net: Name=LED2
Added Pin To Net: NetName=LED3 Pin=R22-1
Added Net: Name=LED3
Added Pin To Net: NetName=LED4 Pin=R24-1
Added Net: Name=LED4
Added Pin To Net: NetName=LED5 Pin=R25-1
Added Net: Name=LED5
Added Pin To Net: NetName=NetC7_1 Pin=C7-1
Added Net: Name=NetC7_1
Added Pin To Net: NetName=NetC8_1 Pin=C8-1
Added Net: Name=NetC8_1
Added Pin To Net: NetName=NetC11_2 Pin=C11-2
Added Pin To Net: NetName=NetC11_2 Pin=D8-1
Added Net: Name=NetC11_2
Added Pin To Net: NetName=NetC14_1 Pin=C14-1
Added Pin To Net: NetName=NetC14_1 Pin=R28-1
Added Pin To Net: NetName=NetC14_1 Pin=R29-1
Added Pin To Net: NetName=NetC14_1 Pin=TMI3181A-5
Added Net: Name=NetC14_1
Added Pin To Net: NetName=NetD1_K Pin=D1-K
Added Pin To Net: NetName=NetD1_K Pin=R19-2
Added Net: Name=NetD1_K
Added Pin To Net: NetName=NetD2_K Pin=D2-K
Added Pin To Net: NetName=NetD2_K Pin=R21-2
Added Net: Name=NetD2_K
Added Pin To Net: NetName=NetD3_K Pin=D3-K
Added Pin To Net: NetName=NetD3_K Pin=R22-2
Added Net: Name=NetD3_K
Added Pin To Net: NetName=NetD4_K Pin=D4-K
Added Pin To Net: NetName=NetD4_K Pin=R24-2
Added Net: Name=NetD4_K
Added Pin To Net: NetName=NetD5_K Pin=D5-K
Added Pin To Net: NetName=NetD5_K Pin=R25-2
Added Net: Name=NetD5_K
Added Pin To Net: NetName=NetD6_2 Pin=D6-2
Added Pin To Net: NetName=NetD6_2 Pin=R26-2
Added Pin To Net: NetName=NetD6_2 Pin=R27-2
Added Net: Name=NetD6_2
Added Pin To Net: NetName=NetD6_3 Pin=D6-3
Added Net: Name=NetD6_3
Added Pin To Net: NetName=NetD9_K Pin=D9-K
Added Net: Name=NetD9_K
Added Pin To Net: NetName=NetK1_3 Pin=R6-2
Added Pin To Net: NetName=NetK1_3 Pin=R10-2
Added Net: Name=NetK1_3
Added Pin To Net: NetName=NetK2_3 Pin=R7-2
Added Pin To Net: NetName=NetK2_3 Pin=R11-2
Added Net: Name=NetK2_3
Added Pin To Net: NetName=NetK3_1 Pin=R14-2
Added Pin To Net: NetName=NetK3_1 Pin=R17-1
Added Net: Name=NetK3_1
Added Pin To Net: NetName=NetK4_3 Pin=R12-2
Added Pin To Net: NetName=NetK4_3 Pin=R13-2
Added Net: Name=NetK4_3
Added Pin To Net: NetName=NetL1_2 Pin=TMI3181A-3
Added Net: Name=NetL1_2
Added Pin To Net: NetName=NetP1_1 Pin=R3-2
Added Net: Name=NetP1_1
Added Pin To Net: NetName=NetP1_2 Pin=R4-2
Added Net: Name=NetP1_2
Added Pin To Net: NetName=NetP1_3 Pin=R5-2
Added Net: Name=NetP1_3
Added Pin To Net: NetName=NetP1_4 Pin=R8-2
Added Net: Name=NetP1_4
Added Pin To Net: NetName=NetP1_5 Pin=R9-2
Added Net: Name=NetP1_5
Added Pin To Net: NetName=NetQ2_1 Pin=Q2-1
Added Pin To Net: NetName=NetQ2_1 Pin=R15-1
Added Pin To Net: NetName=NetQ2_1 Pin=R16-1
Added Net: Name=NetQ2_1
Added Pin To Net: NetName=NetQ2_2 Pin=Q2-2
Added Pin To Net: NetName=NetQ2_2 Pin=R18-1
Added Net: Name=NetQ2_2
Added Pin To Net: NetName=NetR30_2 Pin=R30-2
Added Net: Name=NetR30_2
Added Pin To Net: NetName=NetR31_2 Pin=R31-2
Added Net: Name=NetR31_2
Added Pin To Net: NetName=NetR32_1 Pin=R32-1
Added Net: Name=NetR32_1
Added Pin To Net: NetName=NRST Pin=C6-2
Added Pin To Net: NetName=NRST Pin=R20-1
Added Net: Name=NRST
Added Net: Name=OSC_IN
Added Net: Name=OSC_OUT
Added Pin To Net: NetName=SCL Pin=R35-1
Added Net: Name=SCL
Added Net: Name=SD0
Added Pin To Net: NetName=SDA Pin=R36-1
Added Net: Name=SDA
Added Net: Name=SPI1_MISO
Added Pin To Net: NetName=SPI1_MOSI Pin=R41-2
Added Net: Name=SPI1_MOSI
Added Pin To Net: NetName=SPI1_NSS Pin=R43-2
Added Net: Name=SPI1_NSS
Added Pin To Net: NetName=SPI1_SCK Pin=R42-2
Added Net: Name=SPI1_SCK
Added Net: Name=SPI2_MISO
Added Pin To Net: NetName=SPI2_MOSI Pin=R9-1
Added Net: Name=SPI2_MOSI
Added Pin To Net: NetName=SPI2_SCK Pin=R8-1
Added Net: Name=SPI2_SCK
Added Pin To Net: NetName=SWCLK Pin=R23-1
Added Net: Name=SWCLK
Added Net: Name=SWDIO
Added Pin To Net: NetName=TF_PD Pin=L2-1
Added Net: Name=TF_PD
Added Pin To Net: NetName=USART1_RX Pin=R38-2
Added Net: Name=USART1_RX
Added Pin To Net: NetName=USART1_TX Pin=R37-2
Added Net: Name=USART1_TX
Added Net: Name=USART2_RX
Added Net: Name=USART2_TX
Added Net: Name=USART3_RX
Added Net: Name=USART3_TX
Added Pin To Net: NetName=VABT+ Pin=C16-1
Added Pin To Net: NetName=VABT+ Pin=P2-1
Added Net: Name=VABT+
Added Pin To Net: NetName=VBAT+ Pin=C12-1
Added Pin To Net: NetName=VBAT+ Pin=TMI3181A-1
Added Pin To Net: NetName=VBAT+ Pin=TMI3181A-4
Added Net: Name=VBAT+
Added Pin To Net: NetName=VBAT Pin=C5-1
Added Pin To Net: NetName=VBAT Pin=D7-2
Added Pin To Net: NetName=VBAT Pin=D8-2
Added Net: Name=VBAT
Added Pin To Net: NetName=VBUS Pin=C15-1
Added Pin To Net: NetName=VBUS Pin=D9-A
Added Net: Name=VBUS
Added Pin To Net: NetName=VDD3V3_BLE Pin=C19-2
Added Pin To Net: NetName=VDD3V3_BLE Pin=Q3-3
Added Pin To Net: NetName=VDD3V3_BLE Pin=U2-1
Added Net: Name=VDD3V3_BLE
Added Pin To Net: NetName=VDD3V3_LCD Pin=C2-2
Added Pin To Net: NetName=VDD3V3_LCD Pin=Q1-3
Added Net: Name=VDD3V3_LCD
Added Pin To Net: NetName=VDD3V3_MCU Pin=C9-1
Added Pin To Net: NetName=VDD3V3_MCU Pin=C10-1
Added Pin To Net: NetName=VDD3V3_MCU Pin=D1-A
Added Pin To Net: NetName=VDD3V3_MCU Pin=D2-A
Added Pin To Net: NetName=VDD3V3_MCU Pin=D3-A
Added Pin To Net: NetName=VDD3V3_MCU Pin=D4-A
Added Pin To Net: NetName=VDD3V3_MCU Pin=D5-A
Added Pin To Net: NetName=VDD3V3_MCU Pin=D7-1
Added Pin To Net: NetName=VDD3V3_MCU Pin=FB1-2
Added Pin To Net: NetName=VDD3V3_MCU Pin=R6-1
Added Pin To Net: NetName=VDD3V3_MCU Pin=R7-1
Added Pin To Net: NetName=VDD3V3_MCU Pin=R12-1
Added Pin To Net: NetName=VDD3V3_MCU Pin=R20-2
Added Net: Name=VDD3V3_MCU
Added Pin To Net: NetName=VDD3V3_TF Pin=C20-1
Added Pin To Net: NetName=VDD3V3_TF Pin=C21-1
Added Pin To Net: NetName=VDD3V3_TF Pin=Q4-3
Added Pin To Net: NetName=VDD3V3_TF Pin=R41-1
Added Pin To Net: NetName=VDD3V3_TF Pin=R42-1
Added Pin To Net: NetName=VDD3V3_TF Pin=R43-1
Added Net: Name=VDD3V3_TF
Added Pin To Net: NetName=VDD3V3 Pin=C1-1
Added Pin To Net: NetName=VDD3V3 Pin=C13-1
Added Pin To Net: NetName=VDD3V3 Pin=C14-2
Added Pin To Net: NetName=VDD3V3 Pin=C17-1
Added Pin To Net: NetName=VDD3V3 Pin=C18-1
Added Pin To Net: NetName=VDD3V3 Pin=C22-1
Added Pin To Net: NetName=VDD3V3 Pin=FB1-1
Added Pin To Net: NetName=VDD3V3 Pin=Q1-2
Added Pin To Net: NetName=VDD3V3 Pin=Q3-2
Added Pin To Net: NetName=VDD3V3 Pin=Q4-2
Added Pin To Net: NetName=VDD3V3 Pin=R1-2
Added Pin To Net: NetName=VDD3V3 Pin=R28-2
Added Pin To Net: NetName=VDD3V3 Pin=R33-2
Added Pin To Net: NetName=VDD3V3 Pin=R35-2
Added Pin To Net: NetName=VDD3V3 Pin=R36-2
Added Pin To Net: NetName=VDD3V3 Pin=R44-2
Added Net: Name=VDD3V3
Added Class: Name=LCD
Added Class: Name=Main
Added Class: Name=Power
Added Class: Name=Sensor
Added Class: Name=TF
Added Room: Name=LCD
Added Room: Name=Main
Added Room: Name=Power
Added Room: Name=Sensor
Added Room: Name=TF
