Added Component: Designator=C23(0603_C)
Added Component: Designator=Q5(SOT-23-3L)
Added Component: Designator=R47(0603_R)
Added Component: Designator=R48(0603_R)
Added Component: Designator=R49(0603_R)
Added Component: Designator=R50(0603_R)
Added Component: Designator=R51(0603_R)
Added Pin To Net: NetName=GND Pin=C23-2
Added Pin To Net: NetName=VBAT+ Pin=Q5-2
Added Pin To Net: NetName=VBAT+ Pin=R47-2
Added Pin To Net: NetName=GND Pin=R51-1
Added Pin To Net: NetName=AD_BAT_IN11 Pin=R50-2
Added Pin To Net: NetName=AD_BAT_IN11 Pin=U1-30
Added Net: Name=AD_BAT_IN11
Added Pin To Net: NetName=CTL_BAT_AD Pin=R48-2
Added Pin To Net: NetName=CTL_BAT_AD Pin=U1-36
Added Net: Name=CTL_BAT_AD
Added Pin To Net: NetName=NetC23_1 Pin=C23-1
Added Pin To Net: NetName=NetC23_1 Pin=R49-1
Added Pin To Net: NetName=NetC23_1 Pin=R50-1
Added Pin To Net: NetName=NetC23_1 Pin=R51-2
Added Net: Name=NetC23_1
Added Pin To Net: NetName=NetQ5_1 Pin=Q5-1
Added Pin To Net: NetName=NetQ5_1 Pin=R47-1
Added Pin To Net: NetName=NetQ5_1 Pin=R48-1
Added Net: Name=NetQ5_1
Added Pin To Net: NetName=NetQ5_3 Pin=Q5-3
Added Pin To Net: NetName=NetQ5_3 Pin=R49-2
Added Net: Name=NetQ5_3
Added Member To Class: ClassName=Power Member=Component C23 C0603
Added Member To Class: ClassName=Power Member=Component Q5 G2305_C402251
Added Member To Class: ClassName=Power Member=Component R47 10K/5%
Added Member To Class: ClassName=Power Member=Component R48 220R/5%
Added Member To Class: ClassName=Power Member=Component R49 100K/1%
Added Member To Class: ClassName=Power Member=Component R50 220R/5%
Added Member To Class: ClassName=Power Member=Component R51 20K/1%
