Removed Pin From Net: NetName=GND Pin=K1-1
Removed Pin From Net: NetName=GND Pin=K1-2
Removed Pin From Net: NetName=GND Pin=K2-1
Removed Pin From Net: NetName=GND Pin=K2-2
Removed Pin From Net: NetName=GND Pin=K4-1
Removed Pin From Net: NetName=GND Pin=K4-2
Removed Pin From Net: NetName=VDD3V3_MCU Pin=R6-1
Removed Pin From Net: NetName=VDD3V3_MCU Pin=R7-1
Removed Pin From Net: NetName=VDD3V3_MCU Pin=R12-1
Added Pin To Net: NetName=VDD3V3_MCU Pin=K1-3
Added Pin To Net: NetName=VDD3V3_MCU Pin=K1-4
Added Pin To Net: NetName=VDD3V3_MCU Pin=K2-3
Added Pin To Net: NetName=VDD3V3_MCU Pin=K2-4
Added Pin To Net: NetName=VDD3V3_MCU Pin=K4-3
Added Pin To Net: NetName=VDD3V3_MCU Pin=K4-4
Added Pin To Net: NetName=GND Pin=R6-2
Added Pin To Net: NetName=GND Pin=R7-2
Added Pin To Net: NetName=GND Pin=R12-2
Added Pin To Net: NetName=NetK1_1 Pin=K1-1
Added Pin To Net: NetName=NetK1_1 Pin=K1-2
Added Pin To Net: NetName=NetK1_1 Pin=R6-1
Added Pin To Net: NetName=NetK1_1 Pin=R10-2
Added Net: Name=NetK1_1
Added Pin To Net: NetName=NetK2_1 Pin=K2-1
Added Pin To Net: NetName=NetK2_1 Pin=K2-2
Added Pin To Net: NetName=NetK2_1 Pin=R7-1
Added Pin To Net: NetName=NetK2_1 Pin=R11-2
Added Net: Name=NetK2_1
Added Pin To Net: NetName=NetK4_1 Pin=K4-1
Added Pin To Net: NetName=NetK4_1 Pin=K4-2
Added Pin To Net: NetName=NetK4_1 Pin=R12-1
Added Pin To Net: NetName=NetK4_1 Pin=R13-2
Added Net: Name=NetK4_1
