Removed Pin From Net: NetName=VDD3V3 Pin=C17-1
Removed Pin From Net: NetName=CTL_BLE Pin=C17-2
Removed Pin From Net: NetName=CTL_BLE Pin=Q3-1
Removed Pin From Net: NetName=VDD3V3 Pin=Q3-2
Removed Pin From Net: NetName=CTL_BLE Pin=R33-1
Removed Pin From Net: NetName=VDD3V3 Pin=R33-2
Removed Pin From Net: NetName=GND Pin=R34-1
Removed Pin From Net: NetName=CTL_BLE Pin=R34-2
Removed Member From Class: ClassName=Sensor Member=Q3
Change Component Comment : Designator=C17 Old Comment=0.1uF/50V New Comment=C0603
Change Component Comment : Designator=R34 Old Comment=10K/1% New Comment=10K/5%
Change Component Comment : Designator=R33 Old Comment=100K/1% New Comment=10K/5%
Added Component: Designator=C24(0603_C)
Added Component: Designator=R52(0603_R)
Added Component: Designator=R53(0603_R)
Added Pin To Net: NetName=GND Pin=C17-1
Added Pin To Net: NetName=VDD3V3_TF Pin=C17-2
Added Pin To Net: NetName=VDD3V3_TF Pin=C19-2
Added Pin To Net: NetName=VDD3V3_TF Pin=C24-1
Added Pin To Net: NetName=GND Pin=C24-2
Added Pin To Net: NetName=VDD3V3_TF Pin=R33-2
Added Pin To Net: NetName=VDD3V3_TF Pin=R34-2
Added Pin To Net: NetName=SDA Pin=U1-40
Added Pin To Net: NetName=SCL Pin=U1-41
Added Pin To Net: NetName=VDD3V3_TF Pin=U2-1
Added Net: Name=ALERT
Added Pin To Net: NetName=NetR33_1 Pin=R33-1
Added Pin To Net: NetName=NetR33_1 Pin=R53-1
Added Net: Name=NetR33_1
Added Pin To Net: NetName=NetR34_1 Pin=R34-1
Added Pin To Net: NetName=NetR34_1 Pin=R52-1
Added Net: Name=NetR34_1
Added Net: Name=NRESET
Added Pin To Net: NetName=SCL2 Pin=R53-2
Added Pin To Net: NetName=SCL2 Pin=U1-44
Added Net: Name=SCL2
Added Pin To Net: NetName=SDA2 Pin=R52-2
Added Pin To Net: NetName=SDA2 Pin=U1-43
Added Net: Name=SDA2
Added Member To Class: ClassName=Sensor Member=Component C24 100nF/50V
Added Member To Class: ClassName=Sensor Member=Component R52 220R/5%
Added Member To Class: ClassName=Sensor Member=Component R53 220R/5%
